<?xml version="1.0" encoding="UTF-8"?>
<testng-results ignored="0" total="2" passed="2" failed="0" skipped="0">
  <reporter-output>
  </reporter-output>
  <suite started-at="2026-02-07T12:23:33 IST" name="Suite" finished-at="2026-02-07T12:23:40 IST" duration-ms="7181">
    <groups>
      <group name="Master">
        <method signature="TC_01_MyAccount.TC_01_MyAccounts()[pri:0, instance:testCases.TC_01_MyAccount@7c9d8e2]" name="TC_01_MyAccounts" class="testCases.TC_01_MyAccount"/>
        <method signature="TC_02_LoginPage.Verify_AccountPage()[pri:0, instance:testCases.TC_02_LoginPage@ae13544]" name="Verify_AccountPage" class="testCases.TC_02_LoginPage"/>
      </group> <!-- Master -->
      <group name="Regression">
        <method signature="TC_01_MyAccount.TC_01_MyAccounts()[pri:0, instance:testCases.TC_01_MyAccount@7c9d8e2]" name="TC_01_MyAccounts" class="testCases.TC_01_MyAccount"/>
        <method signature="TC_02_LoginPage.Verify_AccountPage()[pri:0, instance:testCases.TC_02_LoginPage@ae13544]" name="Verify_AccountPage" class="testCases.TC_02_LoginPage"/>
      </group> <!-- Regression -->
      <group name="sanity">
        <method signature="TC_01_MyAccount.TC_01_MyAccounts()[pri:0, instance:testCases.TC_01_MyAccount@7c9d8e2]" name="TC_01_MyAccounts" class="testCases.TC_01_MyAccount"/>
        <method signature="TC_02_LoginPage.Verify_AccountPage()[pri:0, instance:testCases.TC_02_LoginPage@ae13544]" name="Verify_AccountPage" class="testCases.TC_02_LoginPage"/>
      </group> <!-- sanity -->
    </groups>
    <test started-at="2026-02-07T12:23:33 IST" name="Test" finished-at="2026-02-07T12:23:40 IST" duration-ms="7181">
      <class name="testCases.TC_01_MyAccount">
        <test-method is-config="true" signature="setup(java.lang.String,java.lang.String)[pri:0, instance:testCases.TC_01_MyAccount@7c9d8e2]" started-at="2026-02-07T12:23:33 IST" name="setup" finished-at="2026-02-07T12:23:35 IST" duration-ms="2305" status="PASS">
          <params>
            <param index="0">
              <value>
                <![CDATA[Windows]]>
              </value>
            </param>
            <param index="1">
              <value>
                <![CDATA[chrome]]>
              </value>
            </param>
          </params>
          <reporter-output>
          </reporter-output>
        </test-method> <!-- setup -->
        <test-method signature="TC_01_MyAccounts()[pri:0, instance:testCases.TC_01_MyAccount@7c9d8e2]" started-at="2026-02-07T12:23:35 IST" name="TC_01_MyAccounts" finished-at="2026-02-07T12:23:37 IST" duration-ms="1607" status="PASS">
          <reporter-output>
          </reporter-output>
        </test-method> <!-- TC_01_MyAccounts -->
        <test-method is-config="true" signature="tearDown()[pri:0, instance:testCases.TC_01_MyAccount@7c9d8e2]" started-at="2026-02-07T12:23:37 IST" name="tearDown" finished-at="2026-02-07T12:23:37 IST" duration-ms="163" status="PASS">
          <reporter-output>
          </reporter-output>
        </test-method> <!-- tearDown -->
      </class> <!-- testCases.TC_01_MyAccount -->
      <class name="testCases.TC_02_LoginPage">
        <test-method is-config="true" signature="setup(java.lang.String,java.lang.String)[pri:0, instance:testCases.TC_02_LoginPage@ae13544]" started-at="2026-02-07T12:23:37 IST" name="setup" finished-at="2026-02-07T12:23:38 IST" duration-ms="1388" status="PASS">
          <params>
            <param index="0">
              <value>
                <![CDATA[Windows]]>
              </value>
            </param>
            <param index="1">
              <value>
                <![CDATA[chrome]]>
              </value>
            </param>
          </params>
          <reporter-output>
          </reporter-output>
        </test-method> <!-- setup -->
        <test-method signature="Verify_AccountPage()[pri:0, instance:testCases.TC_02_LoginPage@ae13544]" started-at="2026-02-07T12:23:38 IST" name="Verify_AccountPage" finished-at="2026-02-07T12:23:40 IST" duration-ms="1517" status="PASS">
          <reporter-output>
          </reporter-output>
        </test-method> <!-- Verify_AccountPage -->
        <test-method is-config="true" signature="tearDown()[pri:0, instance:testCases.TC_02_LoginPage@ae13544]" started-at="2026-02-07T12:23:40 IST" name="tearDown" finished-at="2026-02-07T12:23:40 IST" duration-ms="165" status="PASS">
          <reporter-output>
          </reporter-output>
        </test-method> <!-- tearDown -->
      </class> <!-- testCases.TC_02_LoginPage -->
    </test> <!-- Test -->
  </suite> <!-- Suite -->
</testng-results>
